<?xml version="1.0" encoding="UTF-8"?>
<!-- Generated by org.testng.reporters.JUnitReportReporter -->
<testsuite hostname="DESKTOP-74HPJAG" failures="0" tests="17" name="tricentis.Tricentis_Testing_Fields" time="267.692" errors="0" timestamp="2024-11-22T16:11:17 IST" skipped="0">
  <testcase classname="tricentis.Tricentis_Testing_Fields" name="Test1" time="10.366"/>
  <system-out/>
  <testcase classname="tricentis.Tricentis_Testing_Fields" name="Test2" time="20.244"/>
  <system-out/>
  <testcase classname="tricentis.Tricentis_Testing_Fields" name="Test3" time="20.244"/>
  <system-out/>
  <testcase classname="tricentis.Tricentis_Testing_Fields" name="Test4" time="14.018"/>
  <system-out/>
  <testcase classname="tricentis.Tricentis_Testing_Fields" name="Test5" time="13.812"/>
  <system-out/>
  <testcase classname="tricentis.Tricentis_Testing_Fields" name="Test6" time="11.046"/>
  <system-out/>
  <testcase classname="tricentis.Tricentis_Testing_Fields" name="Test7" time="11.140"/>
  <system-out/>
  <testcase classname="tricentis.Tricentis_Testing_Fields" name="Test8" time="20.560"/>
  <system-out/>
  <testcase classname="tricentis.Tricentis_Testing_Fields" name="Test9" time="22.581"/>
  <system-out/>
  <testcase classname="tricentis.Tricentis_Testing_Fields" name="Test10" time="20.800"/>
  <system-out/>
  <testcase classname="tricentis.Tricentis_Testing_Fields" name="Test11" time="19.661"/>
  <system-out/>
  <testcase classname="tricentis.Tricentis_Testing_Fields" name="Test12" time="13.951"/>
  <system-out/>
  <testcase classname="tricentis.Tricentis_Testing_Fields" name="Test13" time="14.250"/>
  <system-out/>
  <testcase classname="tricentis.Tricentis_Testing_Fields" name="Test14" time="14.542"/>
  <system-out/>
  <testcase classname="tricentis.Tricentis_Testing_Fields" name="Test15" time="14.452"/>
  <system-out/>
  <testcase classname="tricentis.Tricentis_Testing_Fields" name="Test16" time="14.071"/>
  <system-out/>
  <testcase classname="tricentis.Tricentis_Testing_Fields" name="Test17" time="11.954"/>
  <system-out/>
</testsuite> <!-- tricentis.Tricentis_Testing_Fields -->
